sorter.adb:20:27: medium: overflow check might fail [reason for check: result of subtraction must fit in a 32-bits machine integer] [possible fix: subprogram at sorter.ads:25 should mention count in a precondition][#3]
sorter.adb:22:18: medium: array index check might fail [reason for check: value must be a valid index into the array][#1]
sorter.adb:22:27: medium: array index check might fail [reason for check: result of addition must be a valid index into the array][#2]
sorter.adb:55:21: medium: array index check might fail, in call inlined at sorter.adb:107 [reason for check: value must be a valid index into the array][#16]
sorter.adb:55:33: medium: array index check might fail, in call inlined at sorter.adb:107 [reason for check: value must be a valid index into the array][#17]
sorter.adb:56:24: medium: array index check might fail, in call inlined at sorter.adb:107 [reason for check: value must be a valid index into the array][#14]
sorter.adb:59:24: medium: array index check might fail, in call inlined at sorter.adb:107 [reason for check: value must be a valid index into the array][#15]
sorter.adb:62:20: medium: overflow check might fail, in call inlined at sorter.adb:107 [reason for check: result of addition must fit in a 32-bits machine integer][#18]
sorter.adb:67:20: medium: array index check might fail, in call inlined at sorter.adb:107 [reason for check: value must be a valid index into the array][#20]
sorter.adb:67:31: medium: array index check might fail, in call inlined at sorter.adb:107 [reason for check: value must be a valid index into the array][#19]
sorter.adb:69:20: medium: overflow check might fail, in call inlined at sorter.adb:107 [reason for check: result of addition must fit in a 32-bits machine integer][#21]
sorter.adb:74:20: medium: array index check might fail, in call inlined at sorter.adb:107 [reason for check: value must be a valid index into the array][#23]
sorter.adb:74:32: medium: array index check might fail, in call inlined at sorter.adb:107 [reason for check: value must be a valid index into the array][#22]
sorter.adb:76:20: medium: overflow check might fail, in call inlined at sorter.adb:107 [reason for check: result of addition must fit in a 32-bits machine integer][#24]
sorter.adb:94:26: medium: array index check might fail [reason for check: value must be a valid index into the array][#12]
sorter.adb:99:34: medium: array index check might fail [reason for check: result of addition must be a valid index into the array][#13]
sorter.adb:104:20: medium: "right" might not be initialized[#0]
sorter.adb:122:35: medium: overflow check might fail [reason for check: result of addition must fit in a 32-bits machine integer] [possible fix: subprogram at line 121 should mention high and low in a precondition][#4]
sorter.adb:122:43: medium: array index check might fail [reason for check: result of division must be a valid index into the array] [possible fix: subprogram at line 121 should mention high and low in a precondition][#5]
sorter.adb:128:21: medium: array index check might fail [reason for check: value must be a valid index into the array][#7]
sorter.adb:129:24: medium: overflow check might fail [reason for check: result of addition must fit in a 32-bits machine integer][#6]
sorter.adb:132:21: medium: array index check might fail [reason for check: value must be a valid index into the array][#9]
sorter.adb:133:24: medium: overflow check might fail [reason for check: result of subtraction must fit in a 32-bits machine integer][#8]
sorter.adb:143:24: medium: overflow check might fail [reason for check: result of addition must fit in a 32-bits machine integer][#10]
sorter.adb:144:24: medium: overflow check might fail [reason for check: result of subtraction must fit in a 32-bits machine integer][#11]
