sorter.adb:20:27: medium: overflow check might fail [reason for check: result of subtraction must fit in a 32-bits machine integer] [possible fix: subprogram at sorter.ads:25 should mention count in a precondition][#6]
sorter.adb:22:18: medium: array index check might fail [reason for check: value must be a valid index into the array][#4]
sorter.adb:22:27: medium: array index check might fail [reason for check: result of addition must be a valid index into the array][#5]
sorter.adb:55:21: medium: array index check might fail, in call inlined at sorter.adb:107 [reason for check: value must be a valid index into the array][#11]
sorter.adb:55:33: medium: array index check might fail, in call inlined at sorter.adb:107 [reason for check: value must be a valid index into the array][#12]
sorter.adb:56:24: medium: array index check might fail, in call inlined at sorter.adb:107 [reason for check: value must be a valid index into the array][#9]
sorter.adb:59:24: medium: array index check might fail, in call inlined at sorter.adb:107 [reason for check: value must be a valid index into the array][#10]
sorter.adb:62:20: medium: overflow check might fail, in call inlined at sorter.adb:107 [reason for check: result of addition must fit in a 32-bits machine integer][#13]
sorter.adb:67:20: medium: array index check might fail, in call inlined at sorter.adb:107 [reason for check: value must be a valid index into the array][#15]
sorter.adb:67:31: medium: array index check might fail, in call inlined at sorter.adb:107 [reason for check: value must be a valid index into the array][#14]
sorter.adb:69:20: medium: overflow check might fail, in call inlined at sorter.adb:107 [reason for check: result of addition must fit in a 32-bits machine integer][#16]
sorter.adb:74:20: medium: array index check might fail, in call inlined at sorter.adb:107 [reason for check: value must be a valid index into the array][#18]
sorter.adb:74:32: medium: array index check might fail, in call inlined at sorter.adb:107 [reason for check: value must be a valid index into the array][#17]
sorter.adb:76:20: medium: overflow check might fail, in call inlined at sorter.adb:107 [reason for check: result of addition must fit in a 32-bits machine integer][#19]
sorter.adb:94:26: medium: array index check might fail [reason for check: value must be a valid index into the array][#7]
sorter.adb:99:34: medium: array index check might fail [reason for check: result of addition must be a valid index into the array][#8]
sorter.adb:104:20: medium: "right" might not be initialized[#3]
sorter.ads:27:26: warning: "A" is not modified, could be IN[#0]
sorter.ads:27:26: warning: unused variable "A"[#1]
sorter.ads:27:49: warning: unused variable "count"[#2]
